<?xml version="1.0" encoding="UTF-8"?>
<!-- Generated by org.testng.reporters.JUnitReportReporter -->
<testsuite hostname="DESKTOP-IBV1G5Q" failures="0" tests="5" name="sjtests.OnewayTripFlightBookingTest" time="83.278" errors="0" timestamp="2024-09-24T23:26:13 PDT" skipped="0">
  <testcase classname="sjtests.OnewayTripFlightBookingTest" name="LogIn" time="11.451"/>
  <system-out/>
  <testcase classname="sjtests.OnewayTripFlightBookingTest" name="FlightFinder" time="23.463"/>
  <system-out/>
  <testcase classname="sjtests.OnewayTripFlightBookingTest" name="SelectFlight" time="22.089"/>
  <system-out/>
  <testcase classname="sjtests.OnewayTripFlightBookingTest" name="BookFlight" time="24.846"/>
  <system-out/>
  <testcase classname="sjtests.OnewayTripFlightBookingTest" name="LogOut" time="1.429"/>
  <system-out/>
</testsuite> <!-- sjtests.OnewayTripFlightBookingTest -->
