<?xml version="1.0" encoding="UTF-8"?>
<!-- Generated by org.testng.reporters.JUnitReportReporter -->
<testsuite hostname="DESKTOP-IBV1G5Q" failures="0" tests="1" name="sjtests.ValidatefieldsPageTest" time="0.551" errors="0" timestamp="2024-09-25T06:34:02 PDT" skipped="0">
  <testcase classname="sjtests.ValidatefieldsPageTest" name="fieldsvalidation" time="0.551"/>
  <system-out/>
</testsuite> <!-- sjtests.ValidatefieldsPageTest -->
