<?xml version="1.0" encoding="UTF-8"?>
<!-- Generated by org.testng.reporters.JUnitReportReporter -->
<testsuite hostname="DESKTOP-IBV1G5Q" failures="0" tests="5" name="sjtests.OnewayroundTripFlightBookingTest" time="80.675" errors="0" timestamp="2024-09-25T06:24:41 PDT" skipped="0">
  <testcase classname="sjtests.OnewayroundTripFlightBookingTest" name="LogIn" time="11.058"/>
  <system-out/>
  <testcase classname="sjtests.OnewayroundTripFlightBookingTest" name="FlightFinder" time="22.586"/>
  <system-out/>
  <testcase classname="sjtests.OnewayroundTripFlightBookingTest" name="SelectFlight" time="21.488"/>
  <system-out/>
  <testcase classname="sjtests.OnewayroundTripFlightBookingTest" name="BookFlight" time="24.160"/>
  <system-out/>
  <testcase classname="sjtests.OnewayroundTripFlightBookingTest" name="LogOut" time="1.383"/>
  <system-out/>
</testsuite> <!-- sjtests.OnewayroundTripFlightBookingTest -->
