<?xml version="1.0" encoding="UTF-8"?>
<!-- Generated by org.testng.reporters.JUnitReportReporter -->
<testsuite hostname="DESKTOP-IBV1G5Q" failures="0" tests="1" name="sjtests.LoginPageTest" time="6.591" errors="0" timestamp="2024-09-25T04:48:22 PDT" skipped="0">
  <testcase classname="sjtests.LoginPageTest" name="accountlogin" time="6.591"/>
  <system-out/>
</testsuite> <!-- sjtests.LoginPageTest -->
