<?xml version="1.0" encoding="UTF-8"?>
<!-- Generated by org.testng.reporters.JUnitReportReporter -->
<testsuite hostname="DESKTOP-IBV1G5Q" failures="0" tests="1" name="sjtests.SignupPageTest" time="43.348" errors="0" timestamp="2024-09-25T05:14:25 PDT" skipped="0">
  <testcase classname="sjtests.SignupPageTest" name="signup" time="43.348"/>
  <system-out/>
</testsuite> <!-- sjtests.SignupPageTest -->
