<?xml version="1.0" encoding="UTF-8"?>
<!-- Generated by org.testng.reporters.JUnitReportReporter -->
<testsuite hostname="DESKTOP-IBV1G5Q" failures="0" tests="1" name="tests.LoginPageTest" time="6.860" errors="0" timestamp="2024-09-17T23:40:42 PDT" skipped="0">
  <testcase classname="tests.LoginPageTest" name="accountlogin" time="6.860"/>
  <system-out/>
</testsuite> <!-- tests.LoginPageTest -->
